Original (19) = 1 3 0 6 4 1 4 4 0 1 1 3 7 0 3 6 8 0 6 
Distinct Sorted = 0 1 3 4 6 7 8  (7)

Original (18) = 8 4 5 5 4 0 7 7 2 6 0 5 0 4 6 5 4 3 
Distinct Sorted = 0 2 3 4 5 6 7 8  (8)

Original (9) = 2 1 6 3 4 3 5 3 1 
Distinct Sorted = 1 2 3 4 5 6  (6)

Original (20) = 0 1 8 7 4 6 4 2 7 6 6 8 6 2 3 2 6 5 2 8 
Distinct Sorted = 0 1 2 3 4 5 6 7 8  (9)

Original (9) = 6 6 3 2 3 1 7 4 3 
Distinct Sorted = 1 2 3 4 6 7  (6)

Original (3) = 0 1 2 
Distinct Sorted = 0 1 2  (3)

Original (2) = 4 5 
Distinct Sorted = 4 5  (2)

Original (2) = 0 1 
Distinct Sorted = 0 1  (2)

Original (14) = 0 3 1 7 0 3 7 0 8 8 2 2 6 7 
Distinct Sorted = 0 1 2 3 6 7 8  (7)

Original (12) = 8 8 4 2 5 3 8 3 4 0 7 3 
Distinct Sorted = 0 2 3 4 5 7 8  (7)

